<?xml version="1.0" encoding="UTF-8" ?>
<testsuites>
<testsuite name="basic tcs parse" errors="0" tests="5" failures="0" time="3.49" timestamp="2013-06-18T17:37:27">
  <testcase classname="basic tcs parse" name="should get activity type" time="1.073"></testcase>
  <testcase classname="basic tcs parse" name="should get footpod adjustment" time="1.212"></testcase>
  <testcase classname="basic tcs parse" name="should get footpod adjustment again" time="0.292"></testcase>
  <testcase classname="basic tcs parse" name="should get footpod adjustment even more" time="0.583"></testcase>
  <testcase classname="basic tcs parse" name="should get footpod adjustment even more and more" time="0.326"></testcase>
</testsuite>
</testsuites>